<?xml version="1.0" encoding="UTF-8"?>
<!-- Generated by org.testng.reporters.JUnitReportReporter -->
<testsuite skipped="0" hostname="WINDOWS-FOU0SHI" name="TestNG.IteLearnlogin" tests="1" failures="0" timestamp="2019-10-09T10:18:42 PDT" time="37.880" errors="0">
  <testcase name="logintest" time="37.880" classname="TestNG.IteLearnlogin"/>
</testsuite> <!-- TestNG.IteLearnlogin -->
